0 verbose cli /usr/bin/node /usr/bin/npm
1 info using npm@9.2.0
2 info using node@v18.19.0
3 timing npm:load:whichnode Completed in 0ms
4 timing config:load:defaults Completed in 2ms
5 timing config:load:file:/usr/share/nodejs/npm/npmrc Completed in 2ms
6 timing config:load:builtin Completed in 2ms
7 timing config:load:cli Completed in 1ms
8 timing config:load:env Completed in 0ms
9 timing config:load:project Completed in 3ms
10 timing config:load:file:/var/www/.npmrc Completed in 2ms
11 timing config:load:user Completed in 2ms
12 timing config:load:file:/etc/npmrc Completed in 1ms
13 timing config:load:global Completed in 1ms
14 timing config:load:setEnvs Completed in 1ms
15 timing config:load Completed in 12ms
16 timing npm:load:configload Completed in 12ms
17 timing npm:load:mkdirpcache Completed in 2ms
18 timing npm:load:mkdirplogs Completed in 2ms
19 verbose title npm list
20 verbose argv "list"
21 timing npm:load:setTitle Completed in 1ms
22 timing config:load:flatten Completed in 2ms
23 timing npm:load:display Completed in 3ms
24 verbose logfile logs-max:10 dir:/var/www/.npm/_logs/2024-12-09T10_22_19_151Z-
25 verbose logfile /var/www/.npm/_logs/2024-12-09T10_22_19_151Z-debug-0.log
26 timing npm:load:logFile Completed in 38ms
27 timing npm:load:timers Completed in 0ms
28 timing npm:load:configScope Completed in 0ms
29 timing npm:load Completed in 60ms
30 timing config:load:flatten Completed in 0ms
31 timing arborist:ctor Completed in 1ms
32 silly logfile done cleaning log files
33 timing command:list Completed in 25ms
34 verbose stack Error: missing: @popperjs/core@^2.11.6, required by www@
34 verbose stack missing: autoprefixer@^10.4.20, required by www@
34 verbose stack missing: axios@^1.7.4, required by www@
34 verbose stack missing: bootstrap@^5.2.3, required by www@
34 verbose stack missing: concurrently@^9.0.1, required by www@
34 verbose stack missing: laravel-vite-plugin@^1.0, required by www@
34 verbose stack missing: postcss@^8.4.47, required by www@
34 verbose stack missing: sass@^1.56.1, required by www@
34 verbose stack missing: tailwindcss@^3.4.13, required by www@
34 verbose stack missing: vite@^5.0, required by www@
34 verbose stack     at LS.exec (/usr/share/nodejs/npm/lib/commands/ls.js:205:9)
34 verbose stack     at async module.exports (/usr/share/nodejs/npm/lib/cli.js:133:5)
35 verbose cwd /var/www
36 verbose Linux 6.10.11-linuxkit
37 verbose node v18.19.0
38 verbose npm  v9.2.0
39 error code ELSPROBLEMS
40 error missing: @popperjs/core@^2.11.6, required by www@
40 error missing: autoprefixer@^10.4.20, required by www@
40 error missing: axios@^1.7.4, required by www@
40 error missing: bootstrap@^5.2.3, required by www@
40 error missing: concurrently@^9.0.1, required by www@
40 error missing: laravel-vite-plugin@^1.0, required by www@
40 error missing: postcss@^8.4.47, required by www@
40 error missing: sass@^1.56.1, required by www@
40 error missing: tailwindcss@^3.4.13, required by www@
40 error missing: vite@^5.0, required by www@
41 verbose exit 1
42 timing npm Completed in 110ms
43 verbose code 1
44 error A complete log of this run can be found in:
44 error     /var/www/.npm/_logs/2024-12-09T10_22_19_151Z-debug-0.log
