0 verbose cli /usr/bin/node /usr/bin/npm
1 info using npm@9.2.0
2 info using node@v18.19.0
3 timing npm:load:whichnode Completed in 1ms
4 timing config:load:defaults Completed in 1ms
5 timing config:load:file:/usr/share/nodejs/npm/npmrc Completed in 2ms
6 timing config:load:builtin Completed in 2ms
7 timing config:load:cli Completed in 2ms
8 timing config:load:env Completed in 0ms
9 timing config:load:project Completed in 6ms
10 timing config:load:file:/var/www/.npmrc Completed in 1ms
11 timing config:load:user Completed in 1ms
12 timing config:load:file:/etc/npmrc Completed in 1ms
13 timing config:load:global Completed in 1ms
14 timing config:load:setEnvs Completed in 1ms
15 timing config:load Completed in 14ms
16 timing npm:load:configload Completed in 14ms
17 timing npm:load:mkdirpcache Completed in 4ms
18 timing npm:load:mkdirplogs Completed in 3ms
19 verbose title npm install
20 verbose argv "install"
21 timing npm:load:setTitle Completed in 1ms
22 timing config:load:flatten Completed in 2ms
23 timing npm:load:display Completed in 3ms
24 verbose logfile logs-max:10 dir:/var/www/.npm/_logs/2024-12-09T10_13_39_285Z-
25 verbose logfile /var/www/.npm/_logs/2024-12-09T10_13_39_285Z-debug-0.log
26 timing npm:load:logFile Completed in 30ms
27 timing npm:load:timers Completed in 1ms
28 timing npm:load:configScope Completed in 0ms
29 timing npm:load Completed in 58ms
30 silly logfile done cleaning log files
31 timing config:load:flatten Completed in 1ms
32 timing arborist:ctor Completed in 1ms
33 timing arborist:ctor Completed in 0ms
34 timing idealTree:init Completed in 19ms
35 timing idealTree:userRequests Completed in 0ms
36 silly idealTree buildDeps
37 silly fetch manifest @popperjs/core@^2.11.6
38 http fetch GET 200 https://registry.npmjs.org/@popperjs%2fcore 2537ms (cache miss)
39 silly fetch manifest autoprefixer@^10.4.20
40 http fetch GET 200 https://registry.npmjs.org/autoprefixer 366ms (cache miss)
41 silly fetch manifest postcss@^8.4.47
42 http fetch GET 200 https://registry.npmjs.org/postcss 313ms (cache miss)
43 silly fetch manifest axios@^1.7.4
44 http fetch GET 200 https://registry.npmjs.org/axios 200ms (cache miss)
45 silly fetch manifest bootstrap@^5.2.3
46 http fetch GET 200 https://registry.npmjs.org/bootstrap 231ms (cache miss)
47 silly fetch manifest concurrently@^9.0.1
48 http fetch GET 200 https://registry.npmjs.org/concurrently 384ms (cache miss)
49 silly fetch manifest laravel-vite-plugin@^1.0
50 http fetch GET 200 https://registry.npmjs.org/laravel-vite-plugin 192ms (cache miss)
51 silly fetch manifest vite@^5.0
52 http fetch GET 200 https://registry.npmjs.org/vite 882ms (cache miss)
53 silly fetch manifest @types/node@^18.0.0 || >=20.0.0
54 http fetch GET 200 https://registry.npmjs.org/@types%2fnode 1091ms (cache miss)
55 silly fetch manifest less@*
56 http fetch GET 200 https://registry.npmjs.org/less 193ms (cache miss)
57 silly fetch manifest lightningcss@^1.21.0
58 http fetch GET 200 https://registry.npmjs.org/lightningcss 308ms (cache miss)
59 silly fetch manifest sass@^1.56.1
60 http fetch GET 200 https://registry.npmjs.org/sass 564ms (cache miss)
61 silly fetch manifest sass-embedded@*
62 http fetch GET 200 https://registry.npmjs.org/sass-embedded 234ms (cache miss)
63 silly fetch manifest stylus@*
64 http fetch GET 200 https://registry.npmjs.org/stylus 192ms (cache miss)
65 silly fetch manifest sugarss@*
66 http fetch GET 200 https://registry.npmjs.org/sugarss 190ms (cache miss)
67 silly fetch manifest terser@^5.4.0
68 http fetch GET 200 https://registry.npmjs.org/terser 267ms (cache miss)
69 silly fetch manifest tailwindcss@^3.4.13
70 http fetch GET 200 https://registry.npmjs.org/tailwindcss 611ms (cache miss)
71 silly placeDep ROOT @popperjs/core@2.11.8 OK for:  want: ^2.11.6
72 silly placeDep ROOT autoprefixer@10.4.20 OK for:  want: ^10.4.20
73 silly placeDep ROOT postcss@8.4.49 OK for: autoprefixer@10.4.20 want: ^8.1.0
74 silly placeDep ROOT axios@1.7.9 OK for:  want: ^1.7.4
75 silly placeDep ROOT bootstrap@5.3.3 OK for:  want: ^5.2.3
76 silly placeDep ROOT concurrently@9.1.0 OK for:  want: ^9.0.1
77 silly placeDep ROOT laravel-vite-plugin@1.1.1 OK for:  want: ^1.0
78 silly placeDep ROOT vite@5.4.11 OK for: laravel-vite-plugin@1.1.1 want: ^5.0.0 || ^6.0.0
79 silly placeDep ROOT sass@1.82.0 OK for:  want: ^1.56.1
80 silly placeDep ROOT tailwindcss@3.4.16 OK for:  want: ^3.4.13
81 silly fetch manifest browserslist@^4.23.3
82 silly fetch manifest caniuse-lite@^1.0.30001646
83 silly fetch manifest fraction.js@^4.3.7
84 silly fetch manifest normalize-range@^0.1.2
85 silly fetch manifest picocolors@^1.0.1
86 silly fetch manifest postcss-value-parser@^4.2.0
87 silly fetch manifest nanoid@^3.3.7
88 silly fetch manifest picocolors@^1.1.1
89 silly fetch manifest source-map-js@^1.2.1
90 silly fetch manifest follow-redirects@^1.15.6
91 silly fetch manifest form-data@^4.0.0
92 silly fetch manifest proxy-from-env@^1.1.0
93 silly fetch manifest chalk@^4.1.2
94 silly fetch manifest lodash@^4.17.21
95 silly fetch manifest rxjs@^7.8.1
96 silly fetch manifest shell-quote@^1.8.1
97 silly fetch manifest supports-color@^8.1.1
98 silly fetch manifest tree-kill@^1.2.2
99 silly fetch manifest yargs@^17.7.2
100 silly fetch manifest picocolors@^1.0.0
101 silly fetch manifest vite-plugin-full-reload@^1.1.0
102 silly fetch manifest rollup@^4.20.0
103 silly fetch manifest esbuild@^0.21.3
104 silly fetch manifest fsevents@~2.3.3
105 silly fetch manifest chokidar@^4.0.0
106 silly fetch manifest immutable@^5.0.2
107 silly fetch manifest source-map-js@>=0.6.2 <2.0.0
108 silly fetch manifest @parcel/watcher@^2.4.1
109 silly fetch manifest arg@^5.0.2
110 silly fetch manifest dlv@^1.1.3
111 silly fetch manifest jiti@^1.21.6
112 silly fetch manifest is-glob@^4.0.3
113 silly fetch manifest resolve@^1.22.8
114 silly fetch manifest sucrase@^3.35.0
115 silly fetch manifest chokidar@^3.6.0
116 silly fetch manifest fast-glob@^3.3.2
117 silly fetch manifest lilconfig@^3.1.3
118 silly fetch manifest didyoumean@^1.2.2
119 silly fetch manifest micromatch@^4.0.8
120 silly fetch manifest postcss-js@^4.0.1
121 silly fetch manifest glob-parent@^6.0.2
122 silly fetch manifest object-hash@^3.0.0
123 silly fetch manifest normalize-path@^3.0.0
124 silly fetch manifest postcss-import@^15.1.0
125 silly fetch manifest postcss-nested@^6.2.0
126 silly fetch manifest @alloc/quick-lru@^5.2.0
127 silly fetch manifest postcss-load-config@^4.0.2
128 silly fetch manifest postcss-selector-parser@^6.1.2
129 http fetch GET 200 https://registry.npmjs.org/fraction.js 241ms (cache miss)
130 http fetch GET 200 https://registry.npmjs.org/tree-kill 369ms (cache miss)
131 http fetch GET 200 https://registry.npmjs.org/shell-quote 445ms (cache miss)
132 http fetch GET 200 https://registry.npmjs.org/proxy-from-env 657ms (cache miss)
133 http fetch GET 200 https://registry.npmjs.org/picocolors 739ms (cache miss)
134 http fetch GET 200 https://registry.npmjs.org/supports-color 736ms (cache miss)
135 http fetch GET 200 https://registry.npmjs.org/source-map-js 762ms (cache miss)
136 http fetch GET 200 https://registry.npmjs.org/picocolors 775ms (cache miss)
137 http fetch GET 200 https://registry.npmjs.org/normalize-range 799ms (cache miss)
138 http fetch GET 200 https://registry.npmjs.org/postcss-value-parser 811ms (cache miss)
139 http fetch GET 200 https://registry.npmjs.org/picocolors 788ms (cache miss)
140 http fetch GET 200 https://registry.npmjs.org/source-map-js 782ms (cache miss)
141 http fetch GET 200 https://registry.npmjs.org/form-data 826ms (cache miss)
142 http fetch GET 200 https://registry.npmjs.org/vite-plugin-full-reload 869ms (cache miss)
143 http fetch GET 200 https://registry.npmjs.org/chalk 906ms (cache miss)
144 http fetch GET 200 https://registry.npmjs.org/lodash 1011ms (cache miss)
145 http fetch GET 200 https://registry.npmjs.org/dlv 992ms (cache miss)
146 http fetch GET 200 https://registry.npmjs.org/follow-redirects 1037ms (cache miss)
147 http fetch GET 200 https://registry.npmjs.org/is-glob 1007ms (cache miss)
148 http fetch GET 200 https://registry.npmjs.org/arg 1044ms (cache miss)
149 http fetch GET 200 https://registry.npmjs.org/didyoumean 1059ms (cache miss)
150 http fetch GET 200 https://registry.npmjs.org/fast-glob 1146ms (cache miss)
151 http fetch GET 200 https://registry.npmjs.org/fsevents 1172ms (cache miss)
152 http fetch GET 200 https://registry.npmjs.org/resolve 1172ms (cache miss)
153 http fetch GET 200 https://registry.npmjs.org/glob-parent 1163ms (cache miss)
154 http fetch GET 200 https://registry.npmjs.org/lilconfig 1186ms (cache miss)
155 http fetch GET 200 https://registry.npmjs.org/chokidar 1215ms (cache miss)
156 http fetch GET 200 https://registry.npmjs.org/postcss-js 1194ms (cache miss)
157 http fetch GET 200 https://registry.npmjs.org/sucrase 1210ms (cache miss)
158 http fetch GET 200 https://registry.npmjs.org/object-hash 1209ms (cache miss)
159 http fetch GET 200 https://registry.npmjs.org/@alloc%2fquick-lru 1213ms (cache miss)
160 http fetch GET 200 https://registry.npmjs.org/postcss-nested 1218ms (cache miss)
161 http fetch GET 200 https://registry.npmjs.org/chokidar 1238ms (cache miss)
162 http fetch GET 200 https://registry.npmjs.org/@parcel%2fwatcher 1258ms (cache miss)
163 http fetch GET 200 https://registry.npmjs.org/browserslist 1315ms (cache miss)
164 http fetch GET 200 https://registry.npmjs.org/micromatch 1254ms (cache miss)
165 http fetch GET 200 https://registry.npmjs.org/nanoid 1324ms (cache miss)
166 http fetch GET 200 https://registry.npmjs.org/immutable 1286ms (cache miss)
167 http fetch GET 200 https://registry.npmjs.org/normalize-path 1260ms (cache miss)
168 http fetch GET 200 https://registry.npmjs.org/postcss-load-config 1255ms (cache miss)
169 http fetch GET 200 https://registry.npmjs.org/postcss-import 1274ms (cache miss)
170 http fetch GET 200 https://registry.npmjs.org/postcss-selector-parser 1276ms (cache miss)
171 http fetch GET 200 https://registry.npmjs.org/rxjs 1340ms (cache miss)
172 http fetch GET 200 https://registry.npmjs.org/yargs 1361ms (cache miss)
173 http fetch GET 200 https://registry.npmjs.org/jiti 1341ms (cache miss)
174 http fetch GET 200 https://registry.npmjs.org/esbuild 1414ms (cache miss)
175 http fetch GET 200 https://registry.npmjs.org/caniuse-lite 1514ms (cache miss)
176 http fetch GET 200 https://registry.npmjs.org/rollup 1575ms (cache miss)
177 timing idealTree:#root Completed in 10581ms
178 timing idealTree:node_modules/@popperjs/core Completed in 0ms
179 silly placeDep ROOT browserslist@4.24.2 OK for: autoprefixer@10.4.20 want: ^4.23.3
180 silly placeDep ROOT caniuse-lite@1.0.30001687 OK for: autoprefixer@10.4.20 want: ^1.0.30001646
181 silly placeDep ROOT fraction.js@4.3.7 OK for: autoprefixer@10.4.20 want: ^4.3.7
182 silly placeDep ROOT normalize-range@0.1.2 OK for: autoprefixer@10.4.20 want: ^0.1.2
183 silly placeDep ROOT picocolors@1.1.1 OK for: autoprefixer@10.4.20 want: ^1.0.1
184 silly placeDep ROOT postcss-value-parser@4.2.0 OK for: autoprefixer@10.4.20 want: ^4.2.0
185 silly fetch manifest electron-to-chromium@^1.5.41
186 silly fetch manifest node-releases@^2.0.18
187 silly fetch manifest update-browserslist-db@^1.1.1
188 http fetch GET 200 https://registry.npmjs.org/update-browserslist-db 168ms (cache miss)
189 http fetch GET 200 https://registry.npmjs.org/node-releases 254ms (cache miss)
190 http fetch GET 200 https://registry.npmjs.org/electron-to-chromium 1049ms (cache miss)
191 timing idealTree:node_modules/autoprefixer Completed in 1077ms
192 silly placeDep ROOT follow-redirects@1.15.9 OK for: axios@1.7.9 want: ^1.15.6
193 silly placeDep ROOT form-data@4.0.1 OK for: axios@1.7.9 want: ^4.0.0
194 silly placeDep ROOT proxy-from-env@1.1.0 OK for: axios@1.7.9 want: ^1.1.0
195 silly fetch manifest asynckit@^0.4.0
196 silly fetch manifest combined-stream@^1.0.8
197 silly fetch manifest mime-types@^2.1.12
198 http fetch GET 200 https://registry.npmjs.org/asynckit 167ms (cache miss)
199 http fetch GET 200 https://registry.npmjs.org/combined-stream 245ms (cache miss)
200 http fetch GET 200 https://registry.npmjs.org/mime-types 310822ms attempt #2 (cache miss)
201 timing idealTree:node_modules/axios Completed in 310833ms
202 timing idealTree:node_modules/bootstrap Completed in 0ms
203 silly fetch manifest browserslist@>= 4.21.0
204 silly placeDep ROOT electron-to-chromium@1.5.71 OK for: browserslist@4.24.2 want: ^1.5.41
205 silly placeDep ROOT node-releases@2.0.18 OK for: browserslist@4.24.2 want: ^2.0.18
206 silly placeDep ROOT update-browserslist-db@1.1.1 OK for: browserslist@4.24.2 want: ^1.1.1
207 silly fetch manifest escalade@^3.2.0
208 http fetch GET 200 https://registry.npmjs.org/escalade 184ms (cache miss)
209 timing idealTree:node_modules/browserslist Completed in 195ms
210 timing idealTree:node_modules/caniuse-lite Completed in 0ms
211 silly placeDep ROOT chalk@4.1.2 OK for: concurrently@9.1.0 want: ^4.1.2
212 silly placeDep ROOT lodash@4.17.21 OK for: concurrently@9.1.0 want: ^4.17.21
213 silly placeDep ROOT rxjs@7.8.1 OK for: concurrently@9.1.0 want: ^7.8.1
214 silly placeDep ROOT shell-quote@1.8.2 OK for: concurrently@9.1.0 want: ^1.8.1
215 silly placeDep ROOT supports-color@8.1.1 OK for: concurrently@9.1.0 want: ^8.1.1
216 silly placeDep ROOT tree-kill@1.2.2 OK for: concurrently@9.1.0 want: ^1.2.2
217 silly placeDep ROOT yargs@17.7.2 OK for: concurrently@9.1.0 want: ^17.7.2
218 silly fetch manifest ansi-styles@^4.1.0
219 silly fetch manifest supports-color@^7.1.0
220 silly fetch manifest tslib@^2.1.0
221 silly fetch manifest has-flag@^4.0.0
222 silly fetch manifest y18n@^5.0.5
223 silly fetch manifest cliui@^8.0.1
224 silly fetch manifest escalade@^3.1.1
225 silly fetch manifest string-width@^4.2.3
226 silly fetch manifest yargs-parser@^21.1.1
227 silly fetch manifest get-caller-file@^2.0.5
228 silly fetch manifest require-directory@^2.1.1
229 http fetch GET 200 https://registry.npmjs.org/ansi-styles 203ms (cache miss)
230 http fetch GET 200 https://registry.npmjs.org/require-directory 426ms (cache miss)
231 http fetch GET 200 https://registry.npmjs.org/string-width 435ms (cache miss)
232 http fetch GET 200 https://registry.npmjs.org/cliui 439ms (cache miss)
233 http fetch GET 200 https://registry.npmjs.org/get-caller-file 449ms (cache miss)
234 http fetch GET 200 https://registry.npmjs.org/has-flag 464ms (cache miss)
235 http fetch GET 200 https://registry.npmjs.org/y18n 467ms (cache miss)
236 http fetch GET 200 https://registry.npmjs.org/tslib 477ms (cache miss)
237 http fetch GET 200 https://registry.npmjs.org/yargs-parser 517ms (cache miss)
238 timing idealTree:node_modules/concurrently Completed in 540ms
239 silly placeDep ROOT ansi-styles@4.3.0 OK for: chalk@4.1.2 want: ^4.1.0
240 silly placeDep node_modules/chalk supports-color@7.2.0 OK for: chalk@4.1.2 want: ^7.1.0
241 silly fetch manifest color-convert@^2.0.1
242 http fetch GET 200 https://registry.npmjs.org/color-convert 188ms (cache miss)
243 timing idealTree:node_modules/chalk Completed in 195ms
244 silly placeDep ROOT color-convert@2.0.1 OK for: ansi-styles@4.3.0 want: ^2.0.1
245 silly fetch manifest color-name@~1.1.4
246 http fetch GET 200 https://registry.npmjs.org/color-name 152ms (cache miss)
247 timing idealTree:node_modules/ansi-styles Completed in 157ms
248 silly placeDep ROOT color-name@1.1.4 OK for: color-convert@2.0.1 want: ~1.1.4
249 timing idealTree:node_modules/color-convert Completed in 1ms
250 timing idealTree:node_modules/color-name Completed in 0ms
251 timing idealTree:node_modules/electron-to-chromium Completed in 0ms
252 timing idealTree:node_modules/follow-redirects Completed in 0ms
253 silly placeDep ROOT asynckit@0.4.0 OK for: form-data@4.0.1 want: ^0.4.0
254 silly placeDep ROOT combined-stream@1.0.8 OK for: form-data@4.0.1 want: ^1.0.8
255 silly placeDep ROOT mime-types@2.1.35 OK for: form-data@4.0.1 want: ^2.1.12
256 silly fetch manifest delayed-stream@~1.0.0
257 silly fetch manifest mime-db@1.52.0
258 http fetch GET 200 https://registry.npmjs.org/delayed-stream 170ms (cache miss)
259 http fetch GET 200 https://registry.npmjs.org/mime-db 219ms (cache miss)
260 timing idealTree:node_modules/form-data Completed in 229ms
261 timing idealTree:node_modules/asynckit Completed in 0ms
262 silly placeDep ROOT delayed-stream@1.0.0 OK for: combined-stream@1.0.8 want: ~1.0.0
263 timing idealTree:node_modules/combined-stream Completed in 3ms
264 timing idealTree:node_modules/delayed-stream Completed in 0ms
265 timing idealTree:node_modules/fraction.js Completed in 0ms
266 silly placeDep ROOT vite-plugin-full-reload@1.2.0 OK for: laravel-vite-plugin@1.1.1 want: ^1.1.0
267 silly fetch manifest picomatch@^2.3.1
268 http fetch GET 200 https://registry.npmjs.org/picomatch 350ms (cache miss)
269 timing idealTree:node_modules/laravel-vite-plugin Completed in 362ms
270 timing idealTree:node_modules/lodash Completed in 0ms
271 silly placeDep ROOT mime-db@1.52.0 OK for: mime-types@2.1.35 want: 1.52.0
272 timing idealTree:node_modules/mime-types Completed in 3ms
273 timing idealTree:node_modules/mime-db Completed in 0ms
274 timing idealTree:node_modules/node-releases Completed in 0ms
275 timing idealTree:node_modules/normalize-range Completed in 0ms
276 timing idealTree:node_modules/picocolors Completed in 0ms
277 silly placeDep ROOT nanoid@3.3.8 OK for: postcss@8.4.49 want: ^3.3.7
278 silly placeDep ROOT source-map-js@1.2.1 OK for: postcss@8.4.49 want: ^1.2.1
279 timing idealTree:node_modules/postcss Completed in 3ms
280 timing idealTree:node_modules/nanoid Completed in 0ms
281 timing idealTree:node_modules/postcss-value-parser Completed in 0ms
282 timing idealTree:node_modules/proxy-from-env Completed in 0ms
283 silly placeDep ROOT tslib@2.8.1 OK for: rxjs@7.8.1 want: ^2.1.0
284 timing idealTree:node_modules/rxjs Completed in 1ms
285 silly placeDep ROOT @parcel/watcher@2.5.0 OK for: sass@1.82.0 want: ^2.4.1
286 silly placeDep ROOT chokidar@4.0.1 OK for: sass@1.82.0 want: ^4.0.0
287 silly placeDep ROOT immutable@5.0.3 OK for: sass@1.82.0 want: ^5.0.2
288 silly fetch manifest detect-libc@^1.0.3
289 silly fetch manifest micromatch@^4.0.5
290 silly fetch manifest node-addon-api@^7.0.0
291 silly fetch manifest @parcel/watcher-darwin-x64@2.5.0
292 silly fetch manifest @parcel/watcher-darwin-arm64@2.5.0
293 silly fetch manifest @parcel/watcher-win32-x64@2.5.0
294 silly fetch manifest @parcel/watcher-win32-arm64@2.5.0
295 silly fetch manifest @parcel/watcher-win32-ia32@2.5.0
296 silly fetch manifest @parcel/watcher-linux-x64-glibc@2.5.0
297 silly fetch manifest @parcel/watcher-linux-x64-musl@2.5.0
298 silly fetch manifest @parcel/watcher-linux-arm64-glibc@2.5.0
299 silly fetch manifest @parcel/watcher-linux-arm64-musl@2.5.0
300 silly fetch manifest @parcel/watcher-linux-arm-glibc@2.5.0
301 silly fetch manifest @parcel/watcher-linux-arm-musl@2.5.0
302 silly fetch manifest @parcel/watcher-android-arm64@2.5.0
303 silly fetch manifest @parcel/watcher-freebsd-x64@2.5.0
304 silly fetch manifest readdirp@^4.0.1
305 http fetch GET 200 https://registry.npmjs.org/@parcel%2fwatcher-darwin-arm64 240ms (cache miss)
306 http fetch GET 200 https://registry.npmjs.org/@parcel%2fwatcher-linux-x64-glibc 259ms (cache miss)
307 http fetch GET 200 https://registry.npmjs.org/detect-libc 281ms (cache miss)
308 http fetch GET 200 https://registry.npmjs.org/@parcel%2fwatcher-darwin-x64 284ms (cache miss)
309 http fetch GET 200 https://registry.npmjs.org/@parcel%2fwatcher-win32-ia32 281ms (cache miss)
310 http fetch GET 200 https://registry.npmjs.org/@parcel%2fwatcher-win32-arm64 285ms (cache miss)
311 http fetch GET 200 https://registry.npmjs.org/node-addon-api 292ms (cache miss)
312 http fetch GET 200 https://registry.npmjs.org/@parcel%2fwatcher-win32-x64 290ms (cache miss)
313 http fetch GET 200 https://registry.npmjs.org/@parcel%2fwatcher-linux-x64-musl 293ms (cache miss)
314 http fetch GET 200 https://registry.npmjs.org/readdirp 342ms (cache miss)
315 http fetch GET 200 https://registry.npmjs.org/@parcel%2fwatcher-linux-arm64-musl 470ms (cache miss)
316 http fetch GET 200 https://registry.npmjs.org/@parcel%2fwatcher-android-arm64 473ms (cache miss)
317 http fetch GET 200 https://registry.npmjs.org/@parcel%2fwatcher-linux-arm-glibc 503ms (cache miss)
318 http fetch GET 200 https://registry.npmjs.org/@parcel%2fwatcher-linux-arm64-glibc 512ms (cache miss)
319 http fetch GET 200 https://registry.npmjs.org/@parcel%2fwatcher-freebsd-x64 506ms (cache miss)
320 http fetch GET 200 https://registry.npmjs.org/@parcel%2fwatcher-linux-arm-musl 701ms (cache miss)
321 timing idealTree:node_modules/sass Completed in 724ms
322 silly placeDep ROOT @parcel/watcher-android-arm64@2.5.0 OK for: @parcel/watcher@2.5.0 want: 2.5.0
323 silly placeDep ROOT @parcel/watcher-darwin-arm64@2.5.0 OK for: @parcel/watcher@2.5.0 want: 2.5.0
324 silly placeDep ROOT @parcel/watcher-darwin-x64@2.5.0 OK for: @parcel/watcher@2.5.0 want: 2.5.0
325 silly placeDep ROOT @parcel/watcher-freebsd-x64@2.5.0 OK for: @parcel/watcher@2.5.0 want: 2.5.0
326 silly placeDep ROOT @parcel/watcher-linux-arm-glibc@2.5.0 OK for: @parcel/watcher@2.5.0 want: 2.5.0
327 silly placeDep ROOT @parcel/watcher-linux-arm-musl@2.5.0 OK for: @parcel/watcher@2.5.0 want: 2.5.0
328 silly placeDep ROOT @parcel/watcher-linux-arm64-glibc@2.5.0 OK for: @parcel/watcher@2.5.0 want: 2.5.0
329 silly placeDep ROOT @parcel/watcher-linux-arm64-musl@2.5.0 OK for: @parcel/watcher@2.5.0 want: 2.5.0
330 silly placeDep ROOT @parcel/watcher-linux-x64-glibc@2.5.0 OK for: @parcel/watcher@2.5.0 want: 2.5.0
331 silly placeDep ROOT @parcel/watcher-linux-x64-musl@2.5.0 OK for: @parcel/watcher@2.5.0 want: 2.5.0
332 silly placeDep ROOT @parcel/watcher-win32-arm64@2.5.0 OK for: @parcel/watcher@2.5.0 want: 2.5.0
333 silly placeDep ROOT @parcel/watcher-win32-ia32@2.5.0 OK for: @parcel/watcher@2.5.0 want: 2.5.0
334 silly placeDep ROOT @parcel/watcher-win32-x64@2.5.0 OK for: @parcel/watcher@2.5.0 want: 2.5.0
335 silly placeDep ROOT detect-libc@1.0.3 OK for: @parcel/watcher@2.5.0 want: ^1.0.3
336 silly placeDep ROOT is-glob@4.0.3 OK for: @parcel/watcher@2.5.0 want: ^4.0.3
337 silly placeDep ROOT micromatch@4.0.8 OK for: @parcel/watcher@2.5.0 want: ^4.0.5
338 silly placeDep ROOT node-addon-api@7.1.1 OK for: @parcel/watcher@2.5.0 want: ^7.0.0
339 silly fetch manifest is-extglob@^2.1.1
340 silly fetch manifest braces@^3.0.3
341 http fetch GET 200 https://registry.npmjs.org/is-extglob 158ms (cache miss)
342 http fetch GET 200 https://registry.npmjs.org/braces 164ms (cache miss)
343 timing idealTree:node_modules/@parcel/watcher Completed in 208ms
344 timing idealTree:node_modules/@parcel/watcher-android-arm64 Completed in 0ms
345 timing idealTree:node_modules/@parcel/watcher-darwin-arm64 Completed in 0ms
346 timing idealTree:node_modules/@parcel/watcher-darwin-x64 Completed in 0ms
347 timing idealTree:node_modules/@parcel/watcher-freebsd-x64 Completed in 0ms
348 timing idealTree:node_modules/@parcel/watcher-linux-arm-glibc Completed in 0ms
349 timing idealTree:node_modules/@parcel/watcher-linux-arm-musl Completed in 0ms
350 timing idealTree:node_modules/@parcel/watcher-linux-arm64-glibc Completed in 0ms
351 timing idealTree:node_modules/@parcel/watcher-linux-arm64-musl Completed in 0ms
352 timing idealTree:node_modules/@parcel/watcher-linux-x64-glibc Completed in 0ms
353 timing idealTree:node_modules/@parcel/watcher-linux-x64-musl Completed in 0ms
354 timing idealTree:node_modules/@parcel/watcher-win32-arm64 Completed in 0ms
355 timing idealTree:node_modules/@parcel/watcher-win32-ia32 Completed in 0ms
356 timing idealTree:node_modules/@parcel/watcher-win32-x64 Completed in 0ms
357 silly placeDep ROOT readdirp@4.0.2 OK for: chokidar@4.0.1 want: ^4.0.1
358 timing idealTree:node_modules/chokidar Completed in 1ms
359 timing idealTree:node_modules/detect-libc Completed in 0ms
360 timing idealTree:node_modules/immutable Completed in 0ms
361 silly placeDep ROOT is-extglob@2.1.1 OK for: is-glob@4.0.3 want: ^2.1.1
362 timing idealTree:node_modules/is-glob Completed in 2ms
363 timing idealTree:node_modules/is-extglob Completed in 0ms
364 silly placeDep ROOT braces@3.0.3 OK for: micromatch@4.0.8 want: ^3.0.3
365 silly placeDep ROOT picomatch@2.3.1 OK for: micromatch@4.0.8 want: ^2.3.1
366 silly fetch manifest fill-range@^7.1.1
367 http fetch GET 200 https://registry.npmjs.org/fill-range 241ms (cache miss)
368 timing idealTree:node_modules/micromatch Completed in 247ms
369 silly placeDep ROOT fill-range@7.1.1 OK for: braces@3.0.3 want: ^7.1.1
370 silly fetch manifest to-regex-range@^5.0.1
371 http fetch GET 200 https://registry.npmjs.org/to-regex-range 193ms (cache miss)
372 timing idealTree:node_modules/braces Completed in 199ms
373 silly placeDep ROOT to-regex-range@5.0.1 OK for: fill-range@7.1.1 want: ^5.0.1
374 silly fetch manifest is-number@^7.0.0
375 http fetch GET 200 https://registry.npmjs.org/is-number 185ms (cache miss)
376 timing idealTree:node_modules/fill-range Completed in 190ms
377 timing idealTree:node_modules/node-addon-api Completed in 0ms
378 timing idealTree:node_modules/picomatch Completed in 0ms
379 timing idealTree:node_modules/readdirp Completed in 0ms
380 timing idealTree:node_modules/shell-quote Completed in 0ms
381 timing idealTree:node_modules/source-map-js Completed in 0ms
382 silly placeDep ROOT has-flag@4.0.0 OK for: supports-color@8.1.1 want: ^4.0.0
383 timing idealTree:node_modules/supports-color Completed in 1ms
384 timing idealTree:node_modules/has-flag Completed in 0ms
385 silly fetch manifest ts-node@>=9.0.0
386 http fetch GET 200 https://registry.npmjs.org/ts-node 302ms (cache miss)
387 silly fetch manifest @swc/core@>=1.2.50
388 http fetch GET 200 https://registry.npmjs.org/@swc%2fcore 633ms (cache miss)
389 silly fetch manifest @swc/helpers@*
390 http fetch GET 200 https://registry.npmjs.org/@swc%2fhelpers 262ms (cache miss)
391 silly fetch manifest @swc/wasm@>=1.2.50
392 http fetch GET 200 https://registry.npmjs.org/@swc%2fwasm 439ms (cache miss)
393 silly fetch manifest @types/node@*
394 silly fetch manifest typescript@>=2.7
395 http fetch GET 200 https://registry.npmjs.org/typescript 1121ms (cache miss)
396 silly placeDep ROOT @alloc/quick-lru@5.2.0 OK for: tailwindcss@3.4.16 want: ^5.2.0
397 silly placeDep ROOT arg@5.0.2 OK for: tailwindcss@3.4.16 want: ^5.0.2
398 silly placeDep node_modules/tailwindcss chokidar@3.6.0 OK for: tailwindcss@3.4.16 want: ^3.6.0
399 silly placeDep ROOT didyoumean@1.2.2 OK for: tailwindcss@3.4.16 want: ^1.2.2
400 silly placeDep ROOT dlv@1.1.3 OK for: tailwindcss@3.4.16 want: ^1.1.3
401 silly placeDep ROOT fast-glob@3.3.2 OK for: tailwindcss@3.4.16 want: ^3.3.2
402 silly placeDep ROOT glob-parent@6.0.2 OK for: tailwindcss@3.4.16 want: ^6.0.2
403 silly placeDep ROOT jiti@1.21.6 OK for: tailwindcss@3.4.16 want: ^1.21.6
404 silly placeDep ROOT lilconfig@3.1.3 OK for: tailwindcss@3.4.16 want: ^3.1.3
405 silly placeDep ROOT normalize-path@3.0.0 OK for: tailwindcss@3.4.16 want: ^3.0.0
406 silly placeDep ROOT object-hash@3.0.0 OK for: tailwindcss@3.4.16 want: ^3.0.0
407 silly placeDep ROOT postcss-import@15.1.0 OK for: tailwindcss@3.4.16 want: ^15.1.0
408 silly placeDep ROOT postcss-js@4.0.1 OK for: tailwindcss@3.4.16 want: ^4.0.1
409 silly placeDep ROOT postcss-load-config@4.0.2 OK for: tailwindcss@3.4.16 want: ^4.0.2
410 silly placeDep ROOT postcss-nested@6.2.0 OK for: tailwindcss@3.4.16 want: ^6.2.0
411 silly placeDep node_modules/tailwindcss postcss-selector-parser@ OK for: tailwindcss@3.4.16 want: ^6.1.2
412 silly placeDep ROOT resolve@1.22.8 OK for: tailwindcss@3.4.16 want: ^1.22.8
413 silly placeDep ROOT sucrase@3.35.0 OK for: tailwindcss@3.4.16 want: ^3.35.0
414 silly fetch manifest anymatch@~3.1.2
415 silly fetch manifest readdirp@~3.6.0
416 silly fetch manifest glob-parent@~5.1.2
417 silly fetch manifest is-binary-path@~2.1.0
418 silly fetch manifest fsevents@~2.3.2
419 silly fetch manifest @nodelib/fs.stat@^2.0.2
420 silly fetch manifest @nodelib/fs.walk@^1.2.3
421 silly fetch manifest glob-parent@^5.1.2
422 silly fetch manifest merge2@^1.3.0
423 silly fetch manifest read-cache@^1.0.0
424 silly fetch manifest camelcase-css@^2.0.1
425 silly fetch manifest yaml@^2.3.4
426 silly fetch manifest postcss-selector-parser@^6.1.1
427 silly fetch manifest is-core-module@^2.13.0
428 silly fetch manifest path-parse@^1.0.7
429 silly fetch manifest supports-preserve-symlinks-flag@^1.0.0
430 silly fetch manifest @jridgewell/gen-mapping@^0.3.2
431 silly fetch manifest commander@^4.0.0
432 silly fetch manifest glob@^10.3.10
433 silly fetch manifest lines-and-columns@^1.1.6
434 silly fetch manifest mz@^2.7.0
435 silly fetch manifest pirates@^4.0.1
436 silly fetch manifest ts-interface-checker@^0.1.9
437 http fetch GET 200 https://registry.npmjs.org/camelcase-css 274ms (cache miss)
438 http fetch GET 200 https://registry.npmjs.org/path-parse 301ms (cache miss)
439 http fetch GET 200 https://registry.npmjs.org/anymatch 324ms (cache miss)
440 http fetch GET 200 https://registry.npmjs.org/read-cache 312ms (cache miss)
441 http fetch GET 200 https://registry.npmjs.org/supports-preserve-symlinks-flag 305ms (cache miss)
442 http fetch GET 200 https://registry.npmjs.org/mz 301ms (cache miss)
443 http fetch GET 200 https://registry.npmjs.org/is-binary-path 342ms (cache miss)
444 http fetch GET 200 https://registry.npmjs.org/@nodelib%2ffs.stat 351ms (cache miss)
445 http fetch GET 200 https://registry.npmjs.org/is-core-module 342ms (cache miss)
446 http fetch GET 200 https://registry.npmjs.org/merge2 356ms (cache miss)
447 http fetch GET 200 https://registry.npmjs.org/@jridgewell%2fgen-mapping 348ms (cache miss)
448 http fetch GET 200 https://registry.npmjs.org/@nodelib%2ffs.walk 363ms (cache miss)
449 http fetch GET 200 https://registry.npmjs.org/ts-interface-checker 344ms (cache miss)
450 http fetch GET 200 https://registry.npmjs.org/lines-and-columns 353ms (cache miss)
451 http fetch GET 200 https://registry.npmjs.org/postcss-selector-parser 386ms (cache miss)
452 http fetch GET 200 https://registry.npmjs.org/pirates 376ms (cache miss)
453 http fetch GET 200 https://registry.npmjs.org/commander 410ms (cache miss)
454 http fetch GET 200 https://registry.npmjs.org/glob 420ms (cache miss)
455 http fetch GET 200 https://registry.npmjs.org/yaml 434ms (cache miss)
456 timing idealTree:node_modules/tailwindcss Completed in 3328ms
457 timing idealTree:node_modules/@alloc/quick-lru Completed in 0ms
458 timing idealTree:node_modules/arg Completed in 0ms
459 timing idealTree:node_modules/didyoumean Completed in 0ms
460 timing idealTree:node_modules/dlv Completed in 0ms
461 silly placeDep ROOT @nodelib/fs.stat@2.0.5 OK for: fast-glob@3.3.2 want: ^2.0.2
462 silly placeDep ROOT @nodelib/fs.walk@1.2.8 OK for: fast-glob@3.3.2 want: ^1.2.3
463 silly placeDep node_modules/fast-glob glob-parent@5.1.2 OK for: fast-glob@3.3.2 want: ^5.1.2
464 silly placeDep ROOT merge2@1.4.1 OK for: fast-glob@3.3.2 want: ^1.3.0
465 silly fetch manifest fastq@^1.6.0
466 silly fetch manifest @nodelib/fs.scandir@2.1.5
467 http fetch GET 200 https://registry.npmjs.org/@nodelib%2ffs.scandir 182ms (cache miss)
468 http fetch GET 200 https://registry.npmjs.org/fastq 205ms (cache miss)
469 timing idealTree:node_modules/fast-glob Completed in 217ms
470 timing idealTree:node_modules/@nodelib/fs.stat Completed in 0ms
471 silly placeDep ROOT @nodelib/fs.scandir@2.1.5 OK for: @nodelib/fs.walk@1.2.8 want: 2.1.5
472 silly placeDep ROOT fastq@1.17.1 OK for: @nodelib/fs.walk@1.2.8 want: ^1.6.0
473 silly fetch manifest run-parallel@^1.1.9
474 silly fetch manifest reusify@^1.0.4
475 http fetch GET 200 https://registry.npmjs.org/reusify 153ms (cache miss)
476 http fetch GET 200 https://registry.npmjs.org/run-parallel 169ms (cache miss)
477 timing idealTree:node_modules/@nodelib/fs.walk Completed in 176ms
478 silly placeDep ROOT run-parallel@1.2.0 OK for: @nodelib/fs.scandir@2.1.5 want: ^1.1.9
479 silly fetch manifest queue-microtask@^1.2.2
480 http fetch GET 200 https://registry.npmjs.org/queue-microtask 193ms (cache miss)
481 timing idealTree:node_modules/@nodelib/fs.scandir Completed in 199ms
482 silly placeDep ROOT reusify@1.0.4 OK for: fastq@1.17.1 want: ^1.0.4
483 timing idealTree:node_modules/fastq Completed in 2ms
484 timing idealTree:node_modules/glob-parent Completed in 1ms
485 timing idealTree:node_modules/jiti Completed in 0ms
486 timing idealTree:node_modules/lilconfig Completed in 0ms
487 timing idealTree:node_modules/merge2 Completed in 0ms
488 timing idealTree:node_modules/normalize-path Completed in 0ms
489 timing idealTree:node_modules/object-hash Completed in 0ms
490 silly placeDep ROOT read-cache@1.0.0 OK for: postcss-import@15.1.0 want: ^1.0.0
491 silly fetch manifest pify@^2.3.0
492 http fetch GET 200 https://registry.npmjs.org/pify 164ms (cache miss)
493 timing idealTree:node_modules/postcss-import Completed in 169ms
494 silly placeDep ROOT camelcase-css@2.0.1 OK for: postcss-js@4.0.1 want: ^2.0.1
495 timing idealTree:node_modules/postcss-js Completed in 2ms
496 timing idealTree:node_modules/camelcase-css Completed in 0ms
497 silly placeDep ROOT yaml@2.6.1 OK for: postcss-load-config@4.0.2 want: ^2.3.4
498 timing idealTree:node_modules/postcss-load-config Completed in 1ms
499 silly placeDep ROOT postcss-selector-parser@6.1.2 OK for: postcss-nested@6.2.0 want: ^6.1.1
500 silly fetch manifest cssesc@^3.0.0
501 silly fetch manifest util-deprecate@^1.0.2
502 http fetch GET 200 https://registry.npmjs.org/cssesc 149ms (cache miss)
503 http fetch GET 200 https://registry.npmjs.org/util-deprecate 151ms (cache miss)
504 timing idealTree:node_modules/postcss-nested Completed in 156ms
505 silly placeDep ROOT cssesc@3.0.0 OK for: postcss-selector-parser@6.1.2 want: ^3.0.0
506 silly placeDep ROOT util-deprecate@1.0.2 OK for: postcss-selector-parser@6.1.2 want: ^1.0.2
507 timing idealTree:node_modules/postcss-selector-parser Completed in 3ms
508 timing idealTree:node_modules/cssesc Completed in 0ms
509 silly placeDep ROOT pify@2.3.0 OK for: read-cache@1.0.0 want: ^2.3.0
510 timing idealTree:node_modules/read-cache Completed in 1ms
511 timing idealTree:node_modules/pify Completed in 0ms
512 silly placeDep ROOT is-core-module@2.15.1 OK for: resolve@1.22.8 want: ^2.13.0
513 silly placeDep ROOT path-parse@1.0.7 OK for: resolve@1.22.8 want: ^1.0.7
514 silly placeDep ROOT supports-preserve-symlinks-flag@1.0.0 OK for: resolve@1.22.8 want: ^1.0.0
515 silly fetch manifest hasown@^2.0.2
516 http fetch GET 200 https://registry.npmjs.org/hasown 489ms (cache miss)
517 timing idealTree:node_modules/resolve Completed in 497ms
518 silly placeDep ROOT hasown@2.0.2 OK for: is-core-module@2.15.1 want: ^2.0.2
519 silly fetch manifest function-bind@^1.1.2
520 http fetch GET 200 https://registry.npmjs.org/function-bind 444ms (cache miss)
521 timing idealTree:node_modules/is-core-module Completed in 447ms
522 silly placeDep ROOT function-bind@1.1.2 OK for: hasown@2.0.2 want: ^1.1.2
523 timing idealTree:node_modules/hasown Completed in 2ms
524 timing idealTree:node_modules/function-bind Completed in 0ms
525 timing idealTree:node_modules/path-parse Completed in 0ms
526 timing idealTree:node_modules/reusify Completed in 0ms
527 silly placeDep ROOT queue-microtask@1.2.3 OK for: run-parallel@1.2.0 want: ^1.2.2
528 timing idealTree:node_modules/run-parallel Completed in 1ms
529 timing idealTree:node_modules/queue-microtask Completed in 0ms
530 silly placeDep node_modules/sucrase @jridgewell/gen-mapping@ OK for: sucrase@3.35.0 want: ^0.3.2
531 silly placeDep ROOT commander@4.1.1 OK for: sucrase@3.35.0 want: ^4.0.0
532 silly placeDep ROOT glob@10.4.5 OK for: sucrase@3.35.0 want: ^10.3.10
533 silly placeDep ROOT lines-and-columns@1.2.4 OK for: sucrase@3.35.0 want: ^1.1.6
534 silly placeDep ROOT mz@2.7.0 OK for: sucrase@3.35.0 want: ^2.7.0
535 silly placeDep ROOT pirates@4.0.6 OK for: sucrase@3.35.0 want: ^4.0.1
536 silly placeDep ROOT ts-interface-checker@0.1.13 OK for: sucrase@3.35.0 want: ^0.1.9
537 silly fetch manifest minipass@^7.1.2
538 silly fetch manifest jackspeak@^3.1.2
539 silly fetch manifest minimatch@^9.0.4
540 silly fetch manifest path-scurry@^1.11.1
541 silly fetch manifest foreground-child@^3.1.0
542 silly fetch manifest package-json-from-dist@^1.0.0
543 silly fetch manifest any-promise@^1.0.0
544 silly fetch manifest object-assign@^4.0.1
545 silly fetch manifest thenify-all@^1.0.0
546 http fetch GET 200 https://registry.npmjs.org/any-promise 402ms (cache miss)
547 http fetch GET 200 https://registry.npmjs.org/package-json-from-dist 425ms (cache miss)
548 http fetch GET 200 https://registry.npmjs.org/object-assign 425ms (cache miss)
549 http fetch GET 200 https://registry.npmjs.org/path-scurry 433ms (cache miss)
550 http fetch GET 200 https://registry.npmjs.org/foreground-child 434ms (cache miss)
551 http fetch GET 200 https://registry.npmjs.org/thenify-all 432ms (cache miss)
552 http fetch GET 200 https://registry.npmjs.org/jackspeak 448ms (cache miss)
553 http fetch GET 200 https://registry.npmjs.org/minimatch 471ms (cache miss)
554 http fetch GET 200 https://registry.npmjs.org/minipass 492ms (cache miss)
555 timing idealTree:node_modules/sucrase Completed in 507ms
556 timing idealTree:node_modules/commander Completed in 0ms
557 silly placeDep ROOT foreground-child@3.3.0 OK for: glob@10.4.5 want: ^3.1.0
558 silly placeDep ROOT jackspeak@3.4.3 OK for: glob@10.4.5 want: ^3.1.2
559 silly placeDep ROOT minimatch@9.0.5 OK for: glob@10.4.5 want: ^9.0.4
560 silly placeDep ROOT minipass@7.1.2 OK for: glob@10.4.5 want: ^7.1.2
561 silly placeDep ROOT package-json-from-dist@1.0.1 OK for: glob@10.4.5 want: ^1.0.0
562 silly placeDep ROOT path-scurry@1.11.1 OK for: glob@10.4.5 want: ^1.11.1
563 silly fetch manifest cross-spawn@^7.0.0
564 silly fetch manifest signal-exit@^4.0.1
565 silly fetch manifest @isaacs/cliui@^8.0.2
566 silly fetch manifest @pkgjs/parseargs@^0.11.0
567 silly fetch manifest brace-expansion@^2.0.1
568 silly fetch manifest lru-cache@^10.2.0
569 http fetch GET 200 https://registry.npmjs.org/signal-exit 200ms (cache miss)
570 http fetch GET 200 https://registry.npmjs.org/@isaacs%2fcliui 209ms (cache miss)
571 http fetch GET 200 https://registry.npmjs.org/brace-expansion 212ms (cache miss)
572 http fetch GET 200 https://registry.npmjs.org/@pkgjs%2fparseargs 217ms (cache miss)
573 http fetch GET 200 https://registry.npmjs.org/cross-spawn 289ms (cache miss)
574 http fetch GET 200 https://registry.npmjs.org/lru-cache 294ms (cache miss)
575 timing idealTree:node_modules/glob Completed in 314ms
576 silly placeDep ROOT cross-spawn@7.0.6 OK for: foreground-child@3.3.0 want: ^7.0.0
577 silly placeDep ROOT signal-exit@4.1.0 OK for: foreground-child@3.3.0 want: ^4.0.1
578 silly fetch manifest which@^2.0.1
579 silly fetch manifest path-key@^3.1.0
580 silly fetch manifest shebang-command@^2.0.0
581 http fetch GET 200 https://registry.npmjs.org/path-key 169ms (cache miss)
582 http fetch GET 200 https://registry.npmjs.org/which 196ms (cache miss)
583 http fetch GET 200 https://registry.npmjs.org/shebang-command 438ms (cache miss)
584 timing idealTree:node_modules/foreground-child Completed in 446ms
585 silly placeDep ROOT path-key@3.1.1 OK for: cross-spawn@7.0.6 want: ^3.1.0
586 silly placeDep ROOT shebang-command@2.0.0 OK for: cross-spawn@7.0.6 want: ^2.0.0
587 silly placeDep ROOT which@2.0.2 OK for: cross-spawn@7.0.6 want: ^2.0.1
588 silly fetch manifest shebang-regex@^3.0.0
589 silly fetch manifest isexe@^2.0.0
590 http fetch GET 200 https://registry.npmjs.org/shebang-regex 148ms (cache miss)
591 http fetch GET 200 https://registry.npmjs.org/isexe 169ms (cache miss)
592 timing idealTree:node_modules/cross-spawn Completed in 176ms
593 silly placeDep ROOT @isaacs/cliui@8.0.2 OK for: jackspeak@3.4.3 want: ^8.0.2
594 silly placeDep ROOT @pkgjs/parseargs@0.11.0 OK for: jackspeak@3.4.3 want: ^0.11.0
595 silly fetch manifest string-width@^5.1.2
596 silly fetch manifest string-width-cjs@npm:string-width@^4.2.0
597 silly fetch manifest strip-ansi@^7.0.1
598 silly fetch manifest strip-ansi-cjs@npm:strip-ansi@^6.0.1
599 silly fetch manifest wrap-ansi@^8.1.0
600 silly fetch manifest wrap-ansi-cjs@npm:wrap-ansi@^7.0.0
601 http fetch GET 200 https://registry.npmjs.org/strip-ansi 161ms (cache miss)
602 http fetch GET 200 https://registry.npmjs.org/strip-ansi 162ms (cache miss)
603 http fetch GET 200 https://registry.npmjs.org/wrap-ansi 170ms (cache miss)
604 http fetch GET 200 https://registry.npmjs.org/wrap-ansi 174ms (cache miss)
605 timing idealTree:node_modules/jackspeak Completed in 185ms
606 silly placeDep ROOT string-width@5.1.2 OK for: @isaacs/cliui@8.0.2 want: ^5.1.2
607 silly placeDep ROOT string-width-cjs@4.2.3 OK for: @isaacs/cliui@8.0.2 want: npm:string-width@^4.2.0
608 silly placeDep ROOT strip-ansi@7.1.0 OK for: @isaacs/cliui@8.0.2 want: ^7.0.1
609 silly placeDep ROOT strip-ansi-cjs@6.0.1 OK for: @isaacs/cliui@8.0.2 want: npm:strip-ansi@^6.0.1
610 silly placeDep ROOT wrap-ansi@8.1.0 OK for: @isaacs/cliui@8.0.2 want: ^8.1.0
611 silly placeDep ROOT wrap-ansi-cjs@7.0.0 OK for: @isaacs/cliui@8.0.2 want: npm:wrap-ansi@^7.0.0
612 silly fetch manifest emoji-regex@^9.2.2
613 silly fetch manifest eastasianwidth@^0.2.0
614 silly fetch manifest strip-ansi@^6.0.1
615 silly fetch manifest emoji-regex@^8.0.0
616 silly fetch manifest is-fullwidth-code-point@^3.0.0
617 silly fetch manifest ansi-regex@^6.0.1
618 silly fetch manifest ansi-regex@^5.0.1
619 silly fetch manifest ansi-styles@^6.1.0
620 silly fetch manifest string-width@^4.1.0
621 silly fetch manifest strip-ansi@^6.0.0
622 http fetch GET 200 https://registry.npmjs.org/emoji-regex 200ms (cache miss)
623 http fetch GET 200 https://registry.npmjs.org/eastasianwidth 200ms (cache miss)
624 http fetch GET 200 https://registry.npmjs.org/ansi-regex 198ms (cache miss)
625 http fetch GET 200 https://registry.npmjs.org/is-fullwidth-code-point 205ms (cache miss)
626 http fetch GET 200 https://registry.npmjs.org/emoji-regex 217ms (cache miss)
627 http fetch GET 200 https://registry.npmjs.org/ansi-regex 215ms (cache miss)
628 timing idealTree:node_modules/@isaacs/cliui Completed in 242ms
629 timing idealTree:node_modules/@pkgjs/parseargs Completed in 0ms
630 timing idealTree:node_modules/lines-and-columns Completed in 0ms
631 silly placeDep ROOT brace-expansion@2.0.1 OK for: minimatch@9.0.5 want: ^2.0.1
632 silly fetch manifest balanced-match@^1.0.0
633 http fetch GET 200 https://registry.npmjs.org/balanced-match 223ms (cache miss)
634 timing idealTree:node_modules/minimatch Completed in 227ms
635 silly placeDep ROOT balanced-match@1.0.2 OK for: brace-expansion@2.0.1 want: ^1.0.0
636 timing idealTree:node_modules/brace-expansion Completed in 2ms
637 timing idealTree:node_modules/balanced-match Completed in 0ms
638 timing idealTree:node_modules/minipass Completed in 0ms
639 silly placeDep ROOT any-promise@1.3.0 OK for: mz@2.7.0 want: ^1.0.0
640 silly placeDep ROOT object-assign@4.1.1 OK for: mz@2.7.0 want: ^4.0.1
641 silly placeDep ROOT thenify-all@1.6.0 OK for: mz@2.7.0 want: ^1.0.0
642 silly fetch manifest thenify@>= 3.1.0 < 4
643 http fetch GET 200 https://registry.npmjs.org/thenify 291ms (cache miss)
644 timing idealTree:node_modules/mz Completed in 298ms
645 timing idealTree:node_modules/any-promise Completed in 0ms
646 timing idealTree:node_modules/object-assign Completed in 0ms
647 timing idealTree:node_modules/package-json-from-dist Completed in 0ms
648 timing idealTree:node_modules/path-key Completed in 0ms
649 silly placeDep ROOT lru-cache@10.4.3 OK for: path-scurry@1.11.1 want: ^10.2.0
650 timing idealTree:node_modules/path-scurry Completed in 1ms
651 timing idealTree:node_modules/lru-cache Completed in 0ms
652 timing idealTree:node_modules/pirates Completed in 0ms
653 silly placeDep ROOT shebang-regex@3.0.0 OK for: shebang-command@2.0.0 want: ^3.0.0
654 timing idealTree:node_modules/shebang-command Completed in 1ms
655 timing idealTree:node_modules/shebang-regex Completed in 0ms
656 timing idealTree:node_modules/signal-exit Completed in 0ms
657 silly placeDep ROOT eastasianwidth@0.2.0 OK for: string-width@5.1.2 want: ^0.2.0
658 silly placeDep ROOT emoji-regex@9.2.2 OK for: string-width@5.1.2 want: ^9.2.2
659 timing idealTree:node_modules/string-width Completed in 2ms
660 timing idealTree:node_modules/eastasianwidth Completed in 0ms
661 timing idealTree:node_modules/emoji-regex Completed in 0ms
662 silly placeDep node_modules/string-width-cjs emoji-regex@8.0.0 OK for: string-width@4.2.3 want: ^8.0.0
663 silly placeDep ROOT is-fullwidth-code-point@3.0.0 OK for: string-width@4.2.3 want: ^3.0.0
664 silly placeDep node_modules/string-width-cjs strip-ansi@6.0.1 OK for: string-width@4.2.3 want: ^6.0.1
665 timing idealTree:node_modules/string-width-cjs Completed in 4ms
666 timing idealTree:node_modules/is-fullwidth-code-point Completed in 0ms
667 silly placeDep ROOT ansi-regex@6.1.0 OK for: strip-ansi@7.1.0 want: ^6.0.1
668 timing idealTree:node_modules/strip-ansi Completed in 2ms
669 timing idealTree:node_modules/ansi-regex Completed in 0ms
670 silly placeDep node_modules/strip-ansi-cjs ansi-regex@5.0.1 OK for: strip-ansi@6.0.1 want: ^5.0.1
671 timing idealTree:node_modules/strip-ansi-cjs Completed in 2ms
672 timing idealTree:node_modules/supports-preserve-symlinks-flag Completed in 0ms
673 silly placeDep ROOT thenify@3.3.1 OK for: thenify-all@1.6.0 want: >= 3.1.0 < 4
674 timing idealTree:node_modules/thenify-all Completed in 1ms
675 timing idealTree:node_modules/thenify Completed in 0ms
676 silly placeDep ROOT is-number@7.0.0 OK for: to-regex-range@5.0.1 want: ^7.0.0
677 timing idealTree:node_modules/to-regex-range Completed in 2ms
678 timing idealTree:node_modules/is-number Completed in 0ms
679 timing idealTree:node_modules/tree-kill Completed in 0ms
680 timing idealTree:node_modules/ts-interface-checker Completed in 0ms
681 timing idealTree:node_modules/tslib Completed in 0ms
682 silly placeDep ROOT escalade@3.2.0 OK for: update-browserslist-db@1.1.1 want: ^3.2.0
683 timing idealTree:node_modules/update-browserslist-db Completed in 1ms
684 timing idealTree:node_modules/escalade Completed in 0ms
685 timing idealTree:node_modules/util-deprecate Completed in 0ms
686 silly placeDep ROOT esbuild@0.21.5 OK for: vite@5.4.11 want: ^0.21.3
687 silly placeDep ROOT fsevents@2.3.3 OK for: vite@5.4.11 want: ~2.3.3
688 silly placeDep ROOT rollup@4.28.1 OK for: vite@5.4.11 want: ^4.20.0
689 silly fetch manifest @esbuild/aix-ppc64@0.21.5
690 silly fetch manifest @esbuild/linux-arm@0.21.5
691 silly fetch manifest @esbuild/linux-x64@0.21.5
692 silly fetch manifest @esbuild/sunos-x64@0.21.5
693 silly fetch manifest @esbuild/win32-x64@0.21.5
694 silly fetch manifest @esbuild/darwin-x64@0.21.5
695 silly fetch manifest @esbuild/linux-ia32@0.21.5
696 silly fetch manifest @esbuild/netbsd-x64@0.21.5
697 silly fetch manifest @esbuild/win32-ia32@0.21.5
698 silly fetch manifest @esbuild/android-arm@0.21.5
699 silly fetch manifest @esbuild/android-x64@0.21.5
700 silly fetch manifest @esbuild/freebsd-x64@0.21.5
701 silly fetch manifest @esbuild/linux-arm64@0.21.5
702 silly fetch manifest @esbuild/linux-ppc64@0.21.5
703 silly fetch manifest @esbuild/linux-s390x@0.21.5
704 silly fetch manifest @esbuild/openbsd-x64@0.21.5
705 silly fetch manifest @esbuild/win32-arm64@0.21.5
706 silly fetch manifest @esbuild/darwin-arm64@0.21.5
707 silly fetch manifest @esbuild/android-arm64@0.21.5
708 silly fetch manifest @esbuild/freebsd-arm64@0.21.5
709 silly fetch manifest @esbuild/linux-loong64@0.21.5
710 silly fetch manifest @esbuild/linux-riscv64@0.21.5
711 silly fetch manifest @esbuild/linux-mips64el@0.21.5
712 silly fetch manifest @types/estree@1.0.6
713 silly fetch manifest @rollup/rollup-darwin-arm64@4.28.1
714 silly fetch manifest @rollup/rollup-android-arm64@4.28.1
715 silly fetch manifest @rollup/rollup-win32-arm64-msvc@4.28.1
716 silly fetch manifest @rollup/rollup-freebsd-arm64@4.28.1
717 silly fetch manifest @rollup/rollup-linux-arm64-gnu@4.28.1
718 silly fetch manifest @rollup/rollup-linux-arm64-musl@4.28.1
719 silly fetch manifest @rollup/rollup-android-arm-eabi@4.28.1
720 silly fetch manifest @rollup/rollup-linux-arm-gnueabihf@4.28.1
721 silly fetch manifest @rollup/rollup-linux-arm-musleabihf@4.28.1
722 silly fetch manifest @rollup/rollup-win32-ia32-msvc@4.28.1
723 silly fetch manifest @rollup/rollup-linux-loongarch64-gnu@4.28.1
724 silly fetch manifest @rollup/rollup-linux-riscv64-gnu@4.28.1
725 silly fetch manifest @rollup/rollup-linux-powerpc64le-gnu@4.28.1
726 silly fetch manifest @rollup/rollup-linux-s390x-gnu@4.28.1
727 silly fetch manifest @rollup/rollup-darwin-x64@4.28.1
728 silly fetch manifest @rollup/rollup-win32-x64-msvc@4.28.1
729 silly fetch manifest @rollup/rollup-freebsd-x64@4.28.1
730 silly fetch manifest @rollup/rollup-linux-x64-gnu@4.28.1
731 silly fetch manifest @rollup/rollup-linux-x64-musl@4.28.1
732 http fetch GET 200 https://registry.npmjs.org/@esbuild%2flinux-ppc64 330ms (cache miss)
733 http fetch GET 200 https://registry.npmjs.org/@esbuild%2fwin32-x64 343ms (cache miss)
734 http fetch GET 200 https://registry.npmjs.org/@esbuild%2fopenbsd-x64 344ms (cache miss)
735 http fetch GET 200 https://registry.npmjs.org/@esbuild%2flinux-arm 364ms (cache miss)
736 http fetch GET 200 https://registry.npmjs.org/@esbuild%2fnetbsd-x64 368ms (cache miss)
737 http fetch GET 200 https://registry.npmjs.org/@esbuild%2flinux-arm64 408ms (cache miss)
738 http fetch GET 200 https://registry.npmjs.org/@esbuild%2fdarwin-arm64 449ms (cache miss)
739 http fetch GET 200 https://registry.npmjs.org/@esbuild%2fsunos-x64 482ms (cache miss)
740 http fetch GET 200 https://registry.npmjs.org/@esbuild%2fandroid-x64 476ms (cache miss)
741 http fetch GET 200 https://registry.npmjs.org/@esbuild%2faix-ppc64 528ms (cache miss)
742 http fetch GET 200 https://registry.npmjs.org/@esbuild%2fwin32-arm64 518ms (cache miss)
743 http fetch GET 200 https://registry.npmjs.org/@esbuild%2flinux-s390x 524ms (cache miss)
744 http fetch GET 200 https://registry.npmjs.org/@esbuild%2ffreebsd-x64 546ms (cache miss)
745 http fetch GET 200 https://registry.npmjs.org/@esbuild%2ffreebsd-arm64 540ms (cache miss)
746 http fetch GET 200 https://registry.npmjs.org/@esbuild%2fandroid-arm 605ms (cache miss)
747 http fetch GET 200 https://registry.npmjs.org/@esbuild%2flinux-loong64 608ms (cache miss)
748 http fetch GET 200 https://registry.npmjs.org/@types%2festree 636ms (cache miss)
749 http fetch GET 200 https://registry.npmjs.org/@esbuild%2flinux-ia32 663ms (cache miss)
750 http fetch GET 200 https://registry.npmjs.org/@esbuild%2fwin32-ia32 671ms (cache miss)
751 http fetch GET 200 https://registry.npmjs.org/@rollup%2frollup-darwin-arm64 654ms (cache miss)
752 http fetch GET 200 https://registry.npmjs.org/@esbuild%2fandroid-arm64 665ms (cache miss)
753 http fetch GET 200 https://registry.npmjs.org/@esbuild%2fdarwin-x64 692ms (cache miss)
754 http fetch GET 200 https://registry.npmjs.org/@esbuild%2flinux-x64 722ms (cache miss)
755 http fetch GET 200 https://registry.npmjs.org/@esbuild%2flinux-riscv64 707ms (cache miss)
756 http fetch GET 200 https://registry.npmjs.org/@rollup%2frollup-freebsd-arm64 728ms (cache miss)
757 http fetch GET 200 https://registry.npmjs.org/@rollup%2frollup-win32-arm64-msvc 778ms (cache miss)
758 http fetch GET 200 https://registry.npmjs.org/@rollup%2frollup-linux-arm64-gnu 785ms (cache miss)
759 http fetch GET 200 https://registry.npmjs.org/@rollup%2frollup-android-arm64 798ms (cache miss)
760 http fetch GET 200 https://registry.npmjs.org/@rollup%2frollup-android-arm-eabi 803ms (cache miss)
761 http fetch GET 200 https://registry.npmjs.org/@rollup%2frollup-linux-arm-gnueabihf 804ms (cache miss)
762 http fetch GET 200 https://registry.npmjs.org/@esbuild%2flinux-mips64el 823ms (cache miss)
763 http fetch GET 200 https://registry.npmjs.org/@rollup%2frollup-freebsd-x64 812ms (cache miss)
764 http fetch GET 200 https://registry.npmjs.org/@rollup%2frollup-linux-loongarch64-gnu 837ms (cache miss)
765 http fetch GET 200 https://registry.npmjs.org/@rollup%2frollup-linux-arm-musleabihf 845ms (cache miss)
766 http fetch GET 200 https://registry.npmjs.org/@rollup%2frollup-linux-powerpc64le-gnu 848ms (cache miss)
767 http fetch GET 200 https://registry.npmjs.org/@rollup%2frollup-darwin-x64 844ms (cache miss)
768 http fetch GET 200 https://registry.npmjs.org/@rollup%2frollup-linux-arm64-musl 862ms (cache miss)
769 http fetch GET 200 https://registry.npmjs.org/@rollup%2frollup-linux-x64-gnu 848ms (cache miss)
770 http fetch GET 200 https://registry.npmjs.org/@rollup%2frollup-linux-s390x-gnu 855ms (cache miss)
771 http fetch GET 200 https://registry.npmjs.org/@rollup%2frollup-linux-riscv64-gnu 866ms (cache miss)
772 http fetch GET 200 https://registry.npmjs.org/@rollup%2frollup-win32-ia32-msvc 873ms (cache miss)
773 http fetch GET 200 https://registry.npmjs.org/@rollup%2frollup-win32-x64-msvc 873ms (cache miss)
774 http fetch GET 200 https://registry.npmjs.org/@rollup%2frollup-linux-x64-musl 884ms (cache miss)
775 timing idealTree:node_modules/vite Completed in 947ms
776 silly placeDep ROOT @esbuild/aix-ppc64@0.21.5 OK for: esbuild@0.21.5 want: 0.21.5
777 silly placeDep ROOT @esbuild/android-arm@0.21.5 OK for: esbuild@0.21.5 want: 0.21.5
778 silly placeDep ROOT @esbuild/android-arm64@0.21.5 OK for: esbuild@0.21.5 want: 0.21.5
779 silly placeDep ROOT @esbuild/android-x64@0.21.5 OK for: esbuild@0.21.5 want: 0.21.5
780 silly placeDep ROOT @esbuild/darwin-arm64@0.21.5 OK for: esbuild@0.21.5 want: 0.21.5
781 silly placeDep ROOT @esbuild/darwin-x64@0.21.5 OK for: esbuild@0.21.5 want: 0.21.5
782 silly placeDep ROOT @esbuild/freebsd-arm64@0.21.5 OK for: esbuild@0.21.5 want: 0.21.5
783 silly placeDep ROOT @esbuild/freebsd-x64@0.21.5 OK for: esbuild@0.21.5 want: 0.21.5
784 silly placeDep ROOT @esbuild/linux-arm@0.21.5 OK for: esbuild@0.21.5 want: 0.21.5
785 silly placeDep ROOT @esbuild/linux-arm64@0.21.5 OK for: esbuild@0.21.5 want: 0.21.5
786 silly placeDep ROOT @esbuild/linux-ia32@0.21.5 OK for: esbuild@0.21.5 want: 0.21.5
787 silly placeDep ROOT @esbuild/linux-loong64@0.21.5 OK for: esbuild@0.21.5 want: 0.21.5
788 silly placeDep ROOT @esbuild/linux-mips64el@0.21.5 OK for: esbuild@0.21.5 want: 0.21.5
789 silly placeDep ROOT @esbuild/linux-ppc64@0.21.5 OK for: esbuild@0.21.5 want: 0.21.5
790 silly placeDep ROOT @esbuild/linux-riscv64@0.21.5 OK for: esbuild@0.21.5 want: 0.21.5
791 silly placeDep ROOT @esbuild/linux-s390x@0.21.5 OK for: esbuild@0.21.5 want: 0.21.5
792 silly placeDep ROOT @esbuild/linux-x64@0.21.5 OK for: esbuild@0.21.5 want: 0.21.5
793 silly placeDep ROOT @esbuild/netbsd-x64@0.21.5 OK for: esbuild@0.21.5 want: 0.21.5
794 silly placeDep ROOT @esbuild/openbsd-x64@0.21.5 OK for: esbuild@0.21.5 want: 0.21.5
795 silly placeDep ROOT @esbuild/sunos-x64@0.21.5 OK for: esbuild@0.21.5 want: 0.21.5
796 silly placeDep ROOT @esbuild/win32-arm64@0.21.5 OK for: esbuild@0.21.5 want: 0.21.5
797 silly placeDep ROOT @esbuild/win32-ia32@0.21.5 OK for: esbuild@0.21.5 want: 0.21.5
798 silly placeDep ROOT @esbuild/win32-x64@0.21.5 OK for: esbuild@0.21.5 want: 0.21.5
799 timing idealTree:node_modules/esbuild Completed in 30ms
800 timing idealTree:node_modules/@esbuild/aix-ppc64 Completed in 0ms
801 timing idealTree:node_modules/@esbuild/android-arm Completed in 0ms
802 timing idealTree:node_modules/@esbuild/android-arm64 Completed in 0ms
803 timing idealTree:node_modules/@esbuild/android-x64 Completed in 0ms
804 timing idealTree:node_modules/@esbuild/darwin-arm64 Completed in 0ms
805 timing idealTree:node_modules/@esbuild/darwin-x64 Completed in 0ms
806 timing idealTree:node_modules/@esbuild/freebsd-arm64 Completed in 0ms
807 timing idealTree:node_modules/@esbuild/freebsd-x64 Completed in 0ms
808 timing idealTree:node_modules/@esbuild/linux-arm Completed in 0ms
809 timing idealTree:node_modules/@esbuild/linux-arm64 Completed in 1ms
810 timing idealTree:node_modules/@esbuild/linux-ia32 Completed in 0ms
811 timing idealTree:node_modules/@esbuild/linux-loong64 Completed in 0ms
812 timing idealTree:node_modules/@esbuild/linux-mips64el Completed in 0ms
813 timing idealTree:node_modules/@esbuild/linux-ppc64 Completed in 0ms
814 timing idealTree:node_modules/@esbuild/linux-riscv64 Completed in 0ms
815 timing idealTree:node_modules/@esbuild/linux-s390x Completed in 0ms
816 timing idealTree:node_modules/@esbuild/linux-x64 Completed in 0ms
817 timing idealTree:node_modules/@esbuild/netbsd-x64 Completed in 0ms
818 timing idealTree:node_modules/@esbuild/openbsd-x64 Completed in 0ms
819 timing idealTree:node_modules/@esbuild/sunos-x64 Completed in 0ms
820 timing idealTree:node_modules/@esbuild/win32-arm64 Completed in 0ms
821 timing idealTree:node_modules/@esbuild/win32-ia32 Completed in 0ms
822 timing idealTree:node_modules/@esbuild/win32-x64 Completed in 0ms
823 timing idealTree:node_modules/fsevents Completed in 0ms
824 silly placeDep ROOT @rollup/rollup-android-arm-eabi@4.28.1 OK for: rollup@4.28.1 want: 4.28.1
825 silly placeDep ROOT @rollup/rollup-android-arm64@4.28.1 OK for: rollup@4.28.1 want: 4.28.1
826 silly placeDep ROOT @rollup/rollup-darwin-arm64@4.28.1 OK for: rollup@4.28.1 want: 4.28.1
827 silly placeDep ROOT @rollup/rollup-darwin-x64@4.28.1 OK for: rollup@4.28.1 want: 4.28.1
828 silly placeDep ROOT @rollup/rollup-freebsd-arm64@4.28.1 OK for: rollup@4.28.1 want: 4.28.1
829 silly placeDep ROOT @rollup/rollup-freebsd-x64@4.28.1 OK for: rollup@4.28.1 want: 4.28.1
830 silly placeDep ROOT @rollup/rollup-linux-arm-gnueabihf@4.28.1 OK for: rollup@4.28.1 want: 4.28.1
831 silly placeDep ROOT @rollup/rollup-linux-arm-musleabihf@4.28.1 OK for: rollup@4.28.1 want: 4.28.1
832 silly placeDep ROOT @rollup/rollup-linux-arm64-gnu@4.28.1 OK for: rollup@4.28.1 want: 4.28.1
833 silly placeDep ROOT @rollup/rollup-linux-arm64-musl@4.28.1 OK for: rollup@4.28.1 want: 4.28.1
834 silly placeDep ROOT @rollup/rollup-linux-loongarch64-gnu@4.28.1 OK for: rollup@4.28.1 want: 4.28.1
835 silly placeDep ROOT @rollup/rollup-linux-powerpc64le-gnu@4.28.1 OK for: rollup@4.28.1 want: 4.28.1
836 silly placeDep ROOT @rollup/rollup-linux-riscv64-gnu@4.28.1 OK for: rollup@4.28.1 want: 4.28.1
837 silly placeDep ROOT @rollup/rollup-linux-s390x-gnu@4.28.1 OK for: rollup@4.28.1 want: 4.28.1
838 silly placeDep ROOT @rollup/rollup-linux-x64-gnu@4.28.1 OK for: rollup@4.28.1 want: 4.28.1
839 silly placeDep ROOT @rollup/rollup-linux-x64-musl@4.28.1 OK for: rollup@4.28.1 want: 4.28.1
840 silly placeDep ROOT @rollup/rollup-win32-arm64-msvc@4.28.1 OK for: rollup@4.28.1 want: 4.28.1
841 silly placeDep ROOT @rollup/rollup-win32-ia32-msvc@4.28.1 OK for: rollup@4.28.1 want: 4.28.1
842 silly placeDep ROOT @rollup/rollup-win32-x64-msvc@4.28.1 OK for: rollup@4.28.1 want: 4.28.1
843 silly placeDep ROOT @types/estree@1.0.6 OK for: rollup@4.28.1 want: 1.0.6
844 timing idealTree:node_modules/rollup Completed in 21ms
845 timing idealTree:node_modules/@rollup/rollup-android-arm-eabi Completed in 0ms
846 timing idealTree:node_modules/@rollup/rollup-android-arm64 Completed in 0ms
847 timing idealTree:node_modules/@rollup/rollup-darwin-arm64 Completed in 0ms
848 timing idealTree:node_modules/@rollup/rollup-darwin-x64 Completed in 0ms
849 timing idealTree:node_modules/@rollup/rollup-freebsd-arm64 Completed in 0ms
850 timing idealTree:node_modules/@rollup/rollup-freebsd-x64 Completed in 0ms
851 timing idealTree:node_modules/@rollup/rollup-linux-arm-gnueabihf Completed in 0ms
852 timing idealTree:node_modules/@rollup/rollup-linux-arm-musleabihf Completed in 0ms
853 timing idealTree:node_modules/@rollup/rollup-linux-arm64-gnu Completed in 0ms
854 timing idealTree:node_modules/@rollup/rollup-linux-arm64-musl Completed in 0ms
855 timing idealTree:node_modules/@rollup/rollup-linux-loongarch64-gnu Completed in 0ms
856 timing idealTree:node_modules/@rollup/rollup-linux-powerpc64le-gnu Completed in 0ms
857 timing idealTree:node_modules/@rollup/rollup-linux-riscv64-gnu Completed in 0ms
858 timing idealTree:node_modules/@rollup/rollup-linux-s390x-gnu Completed in 0ms
859 timing idealTree:node_modules/@rollup/rollup-linux-x64-gnu Completed in 0ms
860 timing idealTree:node_modules/@rollup/rollup-linux-x64-musl Completed in 0ms
861 timing idealTree:node_modules/@rollup/rollup-win32-arm64-msvc Completed in 0ms
862 timing idealTree:node_modules/@rollup/rollup-win32-ia32-msvc Completed in 1ms
863 timing idealTree:node_modules/@rollup/rollup-win32-x64-msvc Completed in 0ms
864 timing idealTree:node_modules/@types/estree Completed in 0ms
865 timing idealTree:node_modules/vite-plugin-full-reload Completed in 0ms
866 silly placeDep ROOT isexe@2.0.0 OK for: which@2.0.2 want: ^2.0.0
867 timing idealTree:node_modules/which Completed in 2ms
868 timing idealTree:node_modules/isexe Completed in 0ms
869 silly placeDep node_modules/wrap-ansi ansi-styles@6.2.1 OK for: wrap-ansi@8.1.0 want: ^6.1.0
870 timing idealTree:node_modules/wrap-ansi Completed in 2ms
871 silly placeDep node_modules/wrap-ansi-cjs string-width@4.2.3 OK for: wrap-ansi@7.0.0 want: ^4.1.0
872 silly placeDep node_modules/wrap-ansi-cjs strip-ansi@6.0.1 OK for: wrap-ansi@7.0.0 want: ^6.0.0
873 timing idealTree:node_modules/wrap-ansi-cjs Completed in 4ms
874 timing idealTree:node_modules/yaml Completed in 0ms
875 silly placeDep ROOT cliui@8.0.1 OK for: yargs@17.7.2 want: ^8.0.1
876 silly placeDep ROOT get-caller-file@2.0.5 OK for: yargs@17.7.2 want: ^2.0.5
877 silly placeDep ROOT require-directory@2.1.1 OK for: yargs@17.7.2 want: ^2.1.1
878 silly placeDep node_modules/yargs string-width@4.2.3 OK for: yargs@17.7.2 want: ^4.2.3
879 silly placeDep ROOT y18n@5.0.8 OK for: yargs@17.7.2 want: ^5.0.5
880 silly placeDep ROOT yargs-parser@21.1.1 OK for: yargs@17.7.2 want: ^21.1.1
881 silly fetch manifest wrap-ansi@^7.0.0
882 silly fetch manifest string-width@^4.2.0
883 timing idealTree:node_modules/yargs Completed in 7ms
884 silly placeDep node_modules/cliui string-width@4.2.3 OK for: cliui@8.0.1 want: ^4.2.0
885 silly placeDep node_modules/cliui strip-ansi@6.0.1 OK for: cliui@8.0.1 want: ^6.0.1
886 silly placeDep node_modules/cliui wrap-ansi@7.0.0 OK for: cliui@8.0.1 want: ^7.0.0
887 timing idealTree:node_modules/cliui Completed in 3ms
888 timing idealTree:node_modules/get-caller-file Completed in 0ms
889 timing idealTree:node_modules/require-directory Completed in 0ms
890 timing idealTree:node_modules/y18n Completed in 0ms
891 timing idealTree:node_modules/yargs-parser Completed in 0ms
892 timing idealTree:node_modules/chalk/node_modules/supports-color Completed in 0ms
893 silly placeDep node_modules/cliui emoji-regex@8.0.0 OK for: string-width@4.2.3 want: ^8.0.0
894 timing idealTree:node_modules/cliui/node_modules/string-width Completed in 1ms
895 timing idealTree:node_modules/cliui/node_modules/emoji-regex Completed in 0ms
896 silly placeDep node_modules/cliui ansi-regex@5.0.1 OK for: strip-ansi@6.0.1 want: ^5.0.1
897 timing idealTree:node_modules/cliui/node_modules/strip-ansi Completed in 1ms
898 timing idealTree:node_modules/cliui/node_modules/ansi-regex Completed in 0ms
899 timing idealTree:node_modules/cliui/node_modules/wrap-ansi Completed in 0ms
900 timing idealTree:node_modules/fast-glob/node_modules/glob-parent Completed in 0ms
901 timing idealTree:node_modules/string-width-cjs/node_modules/emoji-regex Completed in 0ms
902 silly placeDep node_modules/string-width-cjs ansi-regex@5.0.1 OK for: strip-ansi@6.0.1 want: ^5.0.1
903 timing idealTree:node_modules/string-width-cjs/node_modules/strip-ansi Completed in 1ms
904 timing idealTree:node_modules/string-width-cjs/node_modules/ansi-regex Completed in 0ms
905 timing idealTree:node_modules/strip-ansi-cjs/node_modules/ansi-regex Completed in 0ms
906 timing idealTree:node_modules/sucrase/node_modules/@jridgewell/gen-mapping Completed in 0ms
907 silly placeDep ROOT anymatch@3.1.3 OK for: chokidar@3.6.0 want: ~3.1.2
908 silly placeDep node_modules/tailwindcss/node_modules/chokidar glob-parent@5.1.2 OK for: chokidar@3.6.0 want: ~5.1.2
909 silly placeDep ROOT is-binary-path@2.1.0 OK for: chokidar@3.6.0 want: ~2.1.0
910 silly placeDep node_modules/tailwindcss readdirp@3.6.0 OK for: chokidar@3.6.0 want: ~3.6.0
911 silly fetch manifest binary-extensions@^2.0.0
912 http fetch GET 200 https://registry.npmjs.org/binary-extensions 208ms (cache miss)
913 timing idealTree:node_modules/tailwindcss/node_modules/chokidar Completed in 217ms
914 timing idealTree:node_modules/anymatch Completed in 0ms
915 silly placeDep ROOT binary-extensions@2.3.0 OK for: is-binary-path@2.1.0 want: ^2.0.0
916 timing idealTree:node_modules/is-binary-path Completed in 2ms
917 timing idealTree:node_modules/binary-extensions Completed in 0ms
918 timing idealTree:node_modules/tailwindcss/node_modules/postcss-selector-parser Completed in 0ms
919 timing idealTree:node_modules/tailwindcss/node_modules/readdirp Completed in 0ms
920 silly placeDep node_modules/wrap-ansi-cjs emoji-regex@8.0.0 OK for: string-width@4.2.3 want: ^8.0.0
921 timing idealTree:node_modules/wrap-ansi-cjs/node_modules/string-width Completed in 1ms
922 timing idealTree:node_modules/wrap-ansi-cjs/node_modules/emoji-regex Completed in 0ms
923 silly placeDep node_modules/wrap-ansi-cjs ansi-regex@5.0.1 OK for: strip-ansi@6.0.1 want: ^5.0.1
924 timing idealTree:node_modules/wrap-ansi-cjs/node_modules/strip-ansi Completed in 1ms
925 timing idealTree:node_modules/wrap-ansi-cjs/node_modules/ansi-regex Completed in 0ms
926 timing idealTree:node_modules/wrap-ansi/node_modules/ansi-styles Completed in 0ms
927 silly placeDep node_modules/yargs emoji-regex@8.0.0 OK for: string-width@4.2.3 want: ^8.0.0
928 silly placeDep node_modules/yargs strip-ansi@6.0.1 OK for: string-width@4.2.3 want: ^6.0.1
929 timing idealTree:node_modules/yargs/node_modules/string-width Completed in 3ms
930 timing idealTree:node_modules/yargs/node_modules/emoji-regex Completed in 1ms
931 silly placeDep node_modules/yargs ansi-regex@5.0.1 OK for: strip-ansi@6.0.1 want: ^5.0.1
932 timing idealTree:node_modules/yargs/node_modules/strip-ansi Completed in 2ms
933 timing idealTree:node_modules/yargs/node_modules/ansi-regex Completed in 0ms
934 timing idealTree:node_modules/tailwindcss/node_modules/chokidar/node_modules/glob-parent Completed in 0ms
935 timing idealTree:buildDeps Completed in 334793ms
936 timing idealTree:fixDepFlags Completed in 1ms
937 timing idealTree Completed in 334817ms
938 timing command:install Completed in 334826ms
939 verbose type system
940 verbose stack FetchError: Invalid response body while trying to fetch https://registry.npmjs.org/postcss-selector-parser: ENOENT: no such file or directory, rename '/var/www/.npm/_cacache/tmp/e5202ef3' -> '/var/www/.npm/_cacache/content-v2/sha512/85/a1/ddeedaf5af467232ffad8ae75d81e0e89bc587a165c89e002ac040de634cc075873f6f01461f688df7af479ece00d65d42487be71a772b657edacee7f2ab'
940 verbose stack     at /usr/share/nodejs/minipass-fetch/lib/body.js:170:15
940 verbose stack     at async Response.json (/usr/share/nodejs/minipass-fetch/lib/body.js:75:17)
940 verbose stack     at async RegistryFetcher.packument (/usr/share/nodejs/pacote/lib/registry.js:92:25)
940 verbose stack     at async RegistryFetcher.manifest (/usr/share/nodejs/pacote/lib/registry.js:116:23)
940 verbose stack     at async Promise.all (index 48)
940 verbose stack     at async [buildDepStep] (/usr/share/nodejs/@npmcli/arborist/lib/arborist/build-ideal-tree.js:1043:5)
940 verbose stack     at async Arborist.buildIdealTree (/usr/share/nodejs/@npmcli/arborist/lib/arborist/build-ideal-tree.js:206:7)
940 verbose stack     at async Promise.all (index 1)
940 verbose stack     at async Arborist.reify (/usr/share/nodejs/@npmcli/arborist/lib/arborist/reify.js:156:5)
940 verbose stack     at async Install.exec (/usr/share/nodejs/npm/lib/commands/install.js:146:5)
941 verbose cwd /var/www
942 verbose Linux 6.10.11-linuxkit
943 verbose node v18.19.0
944 verbose npm  v9.2.0
945 error code ENOENT
946 error syscall rename
947 error path /var/www/.npm/_cacache/tmp/e5202ef3
948 error dest /var/www/.npm/_cacache/content-v2/sha512/85/a1/ddeedaf5af467232ffad8ae75d81e0e89bc587a165c89e002ac040de634cc075873f6f01461f688df7af479ece00d65d42487be71a772b657edacee7f2ab
949 error errno ENOENT
950 error enoent Invalid response body while trying to fetch https://registry.npmjs.org/postcss-selector-parser: ENOENT: no such file or directory, rename '/var/www/.npm/_cacache/tmp/e5202ef3' -> '/var/www/.npm/_cacache/content-v2/sha512/85/a1/ddeedaf5af467232ffad8ae75d81e0e89bc587a165c89e002ac040de634cc075873f6f01461f688df7af479ece00d65d42487be71a772b657edacee7f2ab'
951 error enoent This is related to npm not being able to find a file.
951 error enoent
952 verbose exit 1
953 timing npm Completed in 334909ms
954 verbose unfinished npm timer reify 1733739219358
955 verbose unfinished npm timer reify:loadTrees 1733739219361
956 verbose code 1
957 error A complete log of this run can be found in:
957 error     /var/www/.npm/_logs/2024-12-09T10_13_39_285Z-debug-0.log
